<?xml version="1.0" encoding="UTF-8"?>
<!-- Generated by org.testng.reporters.JUnitXMLReporter -->
<testsuite ignored="0" hostname="LAPTOP-5QSHQ3S1" failures="0" tests="2" name="Default test" time="16.13" errors="0" timestamp="16 Aug 2020 00:25:27 GMT">
  <testcase classname="com.herokuapp.theinternet.NegativeTests" name="incorrectPasswordTests" time="8.471"/>
  <testcase classname="com.herokuapp.theinternet.NegativeTests" name="incorrectUsernameTests" time="7.623"/>
</testsuite> <!-- Default test -->
