<?xml version="1.0" encoding="UTF-8"?>
<!-- Generated by org.testng.reporters.JUnitXMLReporter -->
<testsuite ignored="0" hostname="LAPTOP-5QSHQ3S1" failures="0" tests="2" name="NegativeTests" time="15.908" errors="0" timestamp="16 Aug 2020 00:47:36 GMT">
  <testcase classname="com.herokuapp.theinternet.NegativeTests" name="incorrectPasswordTests" time="7.992"/>
  <testcase classname="com.herokuapp.theinternet.NegativeTests" name="incorrectUsernameTests" time="7.907"/>
</testsuite> <!-- NegativeTests -->
