<?xml version="1.0" encoding="UTF-8"?>
<!-- Generated by org.testng.reporters.JUnitXMLReporter -->
<testsuite ignored="1" hostname="LAPTOP-5QSHQ3S1" failures="0" tests="1" name="NegativePasswordTests" time="13.404" errors="0" timestamp="16 Aug 2020 19:03:32 GMT">
  <testcase classname="com.herokuapp.theinternet.LoginTests" name="negativeLoginTest" time="13.4"/>
  <testcase classname="com.herokuapp.theinternet.LoginTests" name="positiveLoginTest" time="0.0">
    <ignored/>
  </testcase> <!-- positiveLoginTest -->
</testsuite> <!-- NegativePasswordTests -->
