<?xml version="1.0" encoding="UTF-8"?>
<!-- Generated by org.testng.reporters.JUnitXMLReporter -->
<testsuite ignored="1" hostname="LAPTOP-5QSHQ3S1" failures="0" tests="1" name="PositiveTests" time="13.215" errors="0" timestamp="16 Aug 2020 19:03:05 GMT">
  <testcase classname="com.herokuapp.theinternet.LoginTests" name="positiveLoginTest" time="13.191"/>
  <testcase classname="com.herokuapp.theinternet.LoginTests" name="negativeLoginTest" time="0.0">
    <ignored/>
  </testcase> <!-- negativeLoginTest -->
</testsuite> <!-- PositiveTests -->
