<?xml version="1.0" encoding="UTF-8"?>
<testng-results ignored="2" total="2" passed="0" failed="0" skipped="0">
  <reporter-output>
  </reporter-output>
  <suite started-at="2020-08-16T20:05:49Z" name="Exceptions Tests Suite" finished-at="2020-08-16T20:05:49Z" duration-ms="5">
    <groups>
    </groups>
    <test started-at="2020-08-16T20:05:49Z" name="NotVisibleTest" finished-at="2020-08-16T20:05:49Z" duration-ms="5">
    </test> <!-- NotVisibleTest -->
  </suite> <!-- Exceptions Tests Suite -->
</testng-results>
