<?xml version="1.0" encoding="UTF-8"?>
<!-- Generated by org.testng.reporters.JUnitXMLReporter -->
<testsuite ignored="2" hostname="LAPTOP-5QSHQ3S1" failures="0" tests="0" time="0.005" errors="0" timestamp="16 Aug 2020 20:05:49 GMT">
  <testcase classname="com.herokuapp.theinternet.LoginTests" name="positiveLoginTest" time="0.0">
    <ignored/>
  </testcase> <!-- positiveLoginTest -->
  <testcase classname="com.herokuapp.theinternet.LoginTests" name="negativeLoginTest" time="0.0">
    <ignored/>
  </testcase> <!-- negativeLoginTest -->
</testsuite>
